<?xml version="1.0" encoding="UTF-8"?>
<!-- Generated by org.testng.reporters.JUnitReportReporter -->
<testsuite hostname="Praveenkumars-MacBook-Pro.local" failures="0" tests="1" name="errorTest" time="5.941" errors="0" timestamp="2023-06-15T12:46:30 IST" skipped="0">
  <testcase classname="errorTest" name="validateWrongproduct" time="5.941"/>
  <system-out/>
</testsuite> <!-- errorTest -->
