<?xml version="1.0" encoding="UTF-8"?>
<!-- Generated by org.testng.reporters.JUnitReportReporter -->
<testsuite hostname="Praveenkumars-MacBook-Pro.local" failures="0" tests="1" name="cucumber.TestNgCucumberTestRunner" time="15.963" errors="0" timestamp="2023-06-15T12:46:30 IST" skipped="0">
  <testcase classname="cucumber.TestNgCucumberTestRunner" name="runScenario" time="15.963"/>
  <system-out/>
</testsuite> <!-- cucumber.TestNgCucumberTestRunner -->
