<?xml version="1.0" encoding="UTF-8"?>
<!-- Generated by org.testng.reporters.JUnitReportReporter -->
<testsuite hostname="Praveenkumars-MacBook-Pro.local" failures="0" tests="3" name="endToEndTest" time="18.797" errors="0" timestamp="2023-06-15T12:46:30 IST" skipped="0">
  <testcase classname="endToEndTest" name="addToCartAndCheckout" time="6.803"/>
  <system-out/>
  <testcase classname="endToEndTest" name="OrderHistoryTest" time="4.264"/>
  <system-out/>
  <testcase classname="endToEndTest" name="addToCartAndCheckout" time="7.730"/>
  <system-out/>
</testsuite> <!-- endToEndTest -->
